<?xml version="1.0" encoding="UTF-8"?>
<testsuite xmlns:xsi="http://www.w3.org/2001/XMLSchema-instance" xsi:noNamespaceSchemaLocation="https://maven.apache.org/surefire/maven-surefire-plugin/xsd/surefire-test-report-3.0.xsd" version="3.0" name="com.example.containerapp.HomeControllerTests" time="7.704" tests="3" errors="0" skipped="0" failures="0">
  <properties>
[...]
</properties>
  <testcase name="homeEndpointRendersDefaultView" classname="com.example.containerapp.HomeControllerTests" time="2.196">
    <system-out><![CDATA[12:41:35.364 [main] INFO org.springframework.test.context.support.AnnotationConfigContextLoaderUtils -- Could not detect default configuration classes for test class [com.example.containerapp.HomeControllerTests]: HomeControllerTests does not declare any static, non-private, non-final, nested classes annotated with @Configuration.
12:41:35.600 [main] INFO org.springframework.boot.test.context.SpringBootTestContextBootstrapper -- Found @SpringBootConfiguration com.example.containerapp.ContainerAppApplication for test class com.example.containerapp.HomeControllerTests

  .   ____          _            __ _ _
 /\\ / ___'_ __ _ _(_)_ __  __ _ \ \ \ \
( ( )\___ | '_ | '_| | '_ \/ _` | \ \ \ \
 \\/  ___)| |_)| | | | | || (_| |  ) ) ) )
  '  |____| .__|_| |_|_| |_\__, | / / / /
 =========|_|==============|___/=/_/_/_/

 :: Spring Boot ::                (v3.3.3)

2025-09-28T12:41:36.554+02:00  INFO 15604 --- [containerapp] [           main] c.e.containerapp.HomeControllerTests     : Starting HomeControllerTests using Java 17.0.16 with PID 15604 (started by mf in /mnt/d/GIT/sample-spring-boot-buildpacks-containerapp)
2025-09-28T12:41:36.555+02:00  INFO 15604 --- [containerapp] [           main] c.e.containerapp.HomeControllerTests     : No active profile set, falling back to 1 default profile: "default"
2025-09-28T12:41:39.277+02:00  INFO 15604 --- [containerapp] [           main] o.s.b.a.w.s.WelcomePageHandlerMapping    : Adding welcome page template: index
2025-09-28T12:41:40.239+02:00  INFO 15604 --- [containerapp] [           main] o.s.b.t.m.w.SpringBootMockServletContext : Initializing Spring TestDispatcherServlet ''
2025-09-28T12:41:40.240+02:00  INFO 15604 --- [containerapp] [           main] o.s.t.web.servlet.TestDispatcherServlet  : Initializing Servlet ''
2025-09-28T12:41:40.250+02:00  INFO 15604 --- [containerapp] [           main] o.s.b.a.e.web.EndpointLinksResolver      : Exposing 1 endpoint beneath base path '/actuator'
2025-09-28T12:41:40.264+02:00  INFO 15604 --- [containerapp] [           main] o.s.t.web.servlet.TestDispatcherServlet  : Completed initialization in 23 ms
2025-09-28T12:41:40.331+02:00  INFO 15604 --- [containerapp] [           main] c.e.containerapp.HomeControllerTests     : Started HomeControllerTests in 4.362 seconds (process running for 5.889)
]]></system-out>
  </testcase>
  <testcase name="contextLoads" classname="com.example.containerapp.HomeControllerTests" time="0.118"/>
  <testcase name="personalizedGreetingIsRendered" classname="com.example.containerapp.HomeControllerTests" time="0.005"/>
</testsuite>